android/app/build/outputs/logs/manifest-merger-debug-report.txt
-- Merging decision tree log ---
manifest
ADDED from src/main/AndroidManifest.xml:1:1-69:12
	package
		ADDED from src/main/AndroidManifest.xml:2:3-30
		INJECTED from src/main/AndroidManifest.xml
		INJECTED from src/main/AndroidManifest.xml
	android:versionName
		ADDED from src/main/AndroidManifest.xml:4:3-28
		INJECTED from src/main/AndroidManifest.xml
		INJECTED from src/main/AndroidManifest.xml
	android:versionCode
		ADDED from src/main/AndroidManifest.xml:3:3-26
		INJECTED from src/main/AndroidManifest.xml
		INJECTED from src/main/AndroidManifest.xml
	xmlns:android
		ADDED from src/main/AndroidManifest.xml:1:11-69
uses-permission#android.permission.INTERNET
ADDED from src/main/AndroidManifest.xml:6:3-65
MERGED from [ChainReactApp:react-native-code-push:unspecified] AndroidManifest.xml:11:5-67
MERGED from [ChainReactApp:react-native-maps:unspecified] AndroidManifest.xml:9:5-67
MERGED from [com.google.android.gms:play-services-maps:10.2.0] AndroidManifest.xml:20:5-66
MERGED from [com.microsoft.azure.mobile:mobile-center:0.6.1] AndroidManifest.xml:11:5-67
MERGED from [com.google.android.gms:play-services-gcm:10.2.0] AndroidManifest.xml:21:5-66
MERGED from [com.google.android.gms:play-services-iid:10.2.0] AndroidManifest.xml:21:5-66
	android:name
		ADDED from src/main/AndroidManifest.xml:6:20-62
uses-permission#android.permission.ACCESS_NETWORK_STATE
ADDED from src/main/AndroidManifest.xml:7:3-77
MERGED from [com.google.android.gms:play-services-maps:10.2.0] AndroidManifest.xml:19:5-78
MERGED from [com.microsoft.azure.mobile:mobile-center:0.6.1] AndroidManifest.xml:12:5-79
	android:name
		ADDED from src/main/AndroidManifest.xml:7:20-74
uses-permission#android.permission.SYSTEM_ALERT_WINDOW
ADDED from src/main/AndroidManifest.xml:8:3-75
MERGED from [com.facebook.react:react-native:0.45.1] AndroidManifest.xml:11:5-78
	android:name
		ADDED from src/main/AndroidManifest.xml:8:20-73
uses-permission#android.permission.WAKE_LOCK
ADDED from src/main/AndroidManifest.xml:9:3-66
	android:name
		ADDED from src/main/AndroidManifest.xml:9:20-63
permission#${applicationId}.permission.C2D_MESSAGE
ADDED from src/main/AndroidManifest.xml:10:3-12:45
	android:protectionLevel
		ADDED from src/main/AndroidManifest.xml:12:7-42
	android:name
		ADDED from src/main/AndroidManifest.xml:11:7-61
		INJECTED from src/main/AndroidManifest.xml
uses-permission#${applicationId}.permission.C2D_MESSAGE
ADDED from src/main/AndroidManifest.xml:13:3-77
	android:name
		ADDED from src/main/AndroidManifest.xml:13:20-74
		INJECTED from src/main/AndroidManifest.xml
uses-permission#android.permission.VIBRATE
ADDED from src/main/AndroidManifest.xml:14:3-64
	android:name
		ADDED from src/main/AndroidManifest.xml:14:20-61
uses-permission#android.permission.RECEIVE_BOOT_COMPLETED
ADDED from src/main/AndroidManifest.xml:15:3-78
	android:name
		ADDED from src/main/AndroidManifest.xml:15:20-76
uses-sdk
ADDED from src/main/AndroidManifest.xml:17:3-19:37
MERGED from [ChainReactApp:react-native-sound:unspecified] AndroidManifest.xml:9:5-11:41
MERGED from [ChainReactApp:react-native-code-push:unspecified] AndroidManifest.xml:7:5-9:41
MERGED from [ChainReactApp:react-native-blur:unspecified] AndroidManifest.xml:7:5-9:41
MERGED from [ChainReactApp:react-native-smart-splash-screen:unspecified] AndroidManifest.xml:7:5-9:41
MERGED from [ChainReactApp:react-native-maps:unspecified] AndroidManifest.xml:5:5-7:41
MERGED from [com.google.android.gms:play-services-maps:10.2.0] AndroidManifest.xml:23:5-43
MERGED from [ChainReactApp:mobile-center-crashes:unspecified] AndroidManifest.xml:7:5-9:41
MERGED from [com.microsoft.azure.mobile:mobile-center-crashes:0.6.1] AndroidManifest.xml:8:5-10:41
MERGED from [ChainReactApp:mobile-center-analytics:unspecified] AndroidManifest.xml:7:5-9:41
MERGED from [com.microsoft.azure.mobile:mobile-center-analytics:0.6.1] AndroidManifest.xml:8:5-10:41
MERGED from [com.microsoft.azure.mobile.react:mobile-center-react-native:0.3.0] AndroidManifest.xml:7:5-9:41
MERGED from [com.microsoft.azure.mobile:mobile-center:0.6.1] AndroidManifest.xml:7:5-9:41
MERGED from [ChainReactApp:react-native-video:unspecified] AndroidManifest.xml:7:5-9:41
MERGED from [com.yqritc:android-scalablevideoview:1.0.1] AndroidManifest.xml:8:5-10:41
MERGED from [ChainReactApp:react-native-push-notification:unspecified] AndroidManifest.xml:7:5-9:41
MERGED from [me.leolin:ShortcutBadger:1.1.8] AndroidManifest.xml:7:5-9:41
MERGED from [ChainReactApp:react-native-linear-gradient:unspecified] AndroidManifest.xml:7:5-9:41
MERGED from [ChainReactApp:react-native-i18n:unspecified] AndroidManifest.xml:7:5-9:41
MERGED from [ChainReactApp:react-native-vector-icons:unspecified] AndroidManifest.xml:7:5-9:41
MERGED from [ChainReactApp:react-native-device-info:unspecified] AndroidManifest.xml:7:5-9:41
MERGED from [com.google.android.gms:play-services-gcm:10.2.0] AndroidManifest.xml:17:5-43
MERGED from [com.google.android.gms:play-services-iid:10.2.0] AndroidManifest.xml:17:5-43
MERGED from [com.google.android.gms:play-services-base:10.2.0] AndroidManifest.xml:17:5-43
MERGED from [com.google.android.gms:play-services-tasks:10.2.0] AndroidManifest.xml:3:5-43
MERGED from [com.google.android.gms:play-services-basement:10.2.0] AndroidManifest.xml:17:5-43
MERGED from [ChainReactApp:react-native-config:unspecified] AndroidManifest.xml:7:5-9:41
MERGED from [com.facebook.react:react-native:0.45.1] AndroidManifest.xml:7:5-9:41
MERGED from [com.android.support:appcompat-v7:23.4.0] AndroidManifest.xml:21:5-23:78
MERGED from [com.android.support:animated-vector-drawable:23.4.0] AndroidManifest.xml:5:5-44
MERGED from [com.android.support:support-vector-drawable:23.4.0] AndroidManifest.xml:5:5-43
MERGED from [com.android.support:support-v4:24.0.0] AndroidManifest.xml:21:5-23:54
MERGED from [com.facebook.fbui.textlayoutbuilder:textlayoutbuilder:1.0.0] AndroidManifest.xml:14:5-16:41
MERGED from [com.facebook.fresco:fresco:1.0.1] AndroidManifest.xml:5:5-7:41
MERGED from [com.facebook.fresco:drawee:1.0.1] AndroidManifest.xml:5:5-7:41
MERGED from [com.facebook.fresco:imagepipeline-okhttp3:1.0.1] AndroidManifest.xml:5:5-7:41
MERGED from [com.facebook.fresco:imagepipeline:1.0.1] AndroidManifest.xml:5:5-7:41
MERGED from [com.facebook.fresco:imagepipeline-base:1.0.1] AndroidManifest.xml:5:5-7:41
MERGED from [com.facebook.fresco:fbcore:1.0.1] AndroidManifest.xml:5:5-7:41
MERGED from [com.facebook.soloader:soloader:0.1.0] AndroidManifest.xml:2:3-70
	tools:overrideLibrary
		ADDED from [com.android.support:appcompat-v7:23.4.0] AndroidManifest.xml:23:9-75
	android:targetSdkVersion
		ADDED from src/main/AndroidManifest.xml:19:5-34
		INJECTED from src/main/AndroidManifest.xml
		INJECTED from src/main/AndroidManifest.xml
	android:minSdkVersion
		ADDED from src/main/AndroidManifest.xml:18:5-31
		INJECTED from src/main/AndroidManifest.xml
		INJECTED from src/main/AndroidManifest.xml
application
ADDED from src/main/AndroidManifest.xml:21:3-67:17
MERGED from [ChainReactApp:react-native-code-push:unspecified] AndroidManifest.xml:13:5-15:19
MERGED from [com.google.android.gms:play-services-maps:10.2.0] AndroidManifest.xml:24:5-19
MERGED from [com.google.android.gms:play-services-gcm:10.2.0] AndroidManifest.xml:23:5-19
MERGED from [com.google.android.gms:play-services-iid:10.2.0] AndroidManifest.xml:23:5-19
MERGED from [com.google.android.gms:play-services-base:10.2.0] AndroidManifest.xml:18:5-20:19
MERGED from [com.google.android.gms:play-services-tasks:10.2.0] AndroidManifest.xml:4:5-19
MERGED from [com.google.android.gms:play-services-basement:10.2.0] AndroidManifest.xml:19:5-21:19
MERGED from [com.facebook.react:react-native:0.45.1] AndroidManifest.xml:13:5-20
MERGED from [com.android.support:appcompat-v7:23.4.0] AndroidManifest.xml:25:5-20
MERGED from [com.android.support:animated-vector-drawable:23.4.0] AndroidManifest.xml:7:5-20
MERGED from [com.android.support:support-vector-drawable:23.4.0] AndroidManifest.xml:7:5-20
MERGED from [com.android.support:support-v4:24.0.0] AndroidManifest.xml:25:5-20
MERGED from [com.facebook.soloader:soloader:0.1.0] AndroidManifest.xml:3:3-17
MERGED from [org.webkit:android-jsc:r174650] AndroidManifest.xml:2:3-17
	android:label
		ADDED from src/main/AndroidManifest.xml:24:5-37
	android:allowBackup
		ADDED from src/main/AndroidManifest.xml:23:5-31
	android:icon
		ADDED from src/main/AndroidManifest.xml:25:5-39
	android:theme
		ADDED from src/main/AndroidManifest.xml:26:5-36
	android:name
		ADDED from src/main/AndroidManifest.xml:22:5-36
receiver#com.google.android.gms.gcm.GcmReceiver
ADDED from src/main/AndroidManifest.xml:27:5-35:16
	android:exported
		ADDED from src/main/AndroidManifest.xml:29:9-32
	android:permission
		ADDED from src/main/AndroidManifest.xml:30:9-69
	android:name
		ADDED from src/main/AndroidManifest.xml:28:9-62
intent-filter#${applicationId}+com.google.android.c2dm.intent.RECEIVE
ADDED from src/main/AndroidManifest.xml:31:9-34:25
action#com.google.android.c2dm.intent.RECEIVE
ADDED from src/main/AndroidManifest.xml:32:13-77
	android:name
		ADDED from src/main/AndroidManifest.xml:32:21-74
category#${applicationId}
ADDED from src/main/AndroidManifest.xml:33:13-57
	android:name
		ADDED from src/main/AndroidManifest.xml:33:23-54
		INJECTED from src/main/AndroidManifest.xml
receiver#com.dieam.reactnativepushnotification.modules.RNPushNotificationPublisher
ADDED from src/main/AndroidManifest.xml:37:5-106
	android:name
		ADDED from src/main/AndroidManifest.xml:37:15-103
receiver#com.dieam.reactnativepushnotification.modules.RNPushNotificationBootEventReceiver
ADDED from src/main/AndroidManifest.xml:38:5-42:16
	android:name
		ADDED from src/main/AndroidManifest.xml:38:15-111
intent-filter#android.intent.action.BOOT_COMPLETED
ADDED from src/main/AndroidManifest.xml:39:9-41:25
action#android.intent.action.BOOT_COMPLETED
ADDED from src/main/AndroidManifest.xml:40:13-75
	android:name
		ADDED from src/main/AndroidManifest.xml:40:21-72
service#com.dieam.reactnativepushnotification.modules.RNPushNotificationRegistrationService
ADDED from src/main/AndroidManifest.xml:43:5-114
	android:name
		ADDED from src/main/AndroidManifest.xml:43:14-112
service#com.dieam.reactnativepushnotification.modules.RNPushNotificationListenerService
ADDED from src/main/AndroidManifest.xml:44:5-50:15
	android:exported
		ADDED from src/main/AndroidManifest.xml:46:9-33
	android:name
		ADDED from src/main/AndroidManifest.xml:45:9-103
intent-filter#com.google.android.c2dm.intent.RECEIVE
ADDED from src/main/AndroidManifest.xml:47:9-49:25
activity#com.chainreactapp.MainActivity
ADDED from src/main/AndroidManifest.xml:52:5-62:16
	android:screenOrientation
		ADDED from src/main/AndroidManifest.xml:53:7-43
	android:label
		ADDED from src/main/AndroidManifest.xml:56:7-39
	android:windowSoftInputMode
		ADDED from src/main/AndroidManifest.xml:57:7-49
	android:configChanges
		ADDED from src/main/AndroidManifest.xml:54:7-57
	android:name
		ADDED from src/main/AndroidManifest.xml:55:7-35
intent-filter#android.intent.action.MAIN+android.intent.category.LAUNCHER
ADDED from src/main/AndroidManifest.xml:58:7-61:23
action#android.intent.action.MAIN
ADDED from src/main/AndroidManifest.xml:59:9-61
	android:name
		ADDED from src/main/AndroidManifest.xml:59:17-58
category#android.intent.category.LAUNCHER
ADDED from src/main/AndroidManifest.xml:60:9-69
	android:name
		ADDED from src/main/AndroidManifest.xml:60:19-66
activity#com.facebook.react.devsupport.DevSettingsActivity
ADDED from src/main/AndroidManifest.xml:63:5-82
MERGED from [ChainReactApp:react-native-code-push:unspecified] AndroidManifest.xml:14:9-86
	android:name
		ADDED from src/main/AndroidManifest.xml:63:15-79
meta-data#com.google.android.geo.API_KEY
ADDED from src/main/AndroidManifest.xml:64:5-66:65
	android:value
		ADDED from src/main/AndroidManifest.xml:66:7-62
	android:name
		ADDED from src/main/AndroidManifest.xml:65:7-52
uses-permission#android.permission.ACCESS_COARSE_LOCATION
ADDED from [ChainReactApp:react-native-maps:unspecified] AndroidManifest.xml:10:5-81
	android:name
		ADDED from [ChainReactApp:react-native-maps:unspecified] AndroidManifest.xml:10:22-78
uses-feature#0x00020000
ADDED from [com.google.android.gms:play-services-maps:10.2.0] AndroidManifest.xml:21:5-77
	android:glEsVersion
		ADDED from [com.google.android.gms:play-services-maps:10.2.0] AndroidManifest.xml:21:19-51
	android:required
		ADDED from [com.google.android.gms:play-services-maps:10.2.0] AndroidManifest.xml:21:52-75
uses-permission#com.sec.android.provider.badge.permission.READ
ADDED from [me.leolin:ShortcutBadger:1.1.8] AndroidManifest.xml:19:5-86
	android:name
		ADDED from [me.leolin:ShortcutBadger:1.1.8] AndroidManifest.xml:19:22-83
uses-permission#com.sec.android.provider.badge.permission.WRITE
ADDED from [me.leolin:ShortcutBadger:1.1.8] AndroidManifest.xml:20:5-87
	android:name
		ADDED from [me.leolin:ShortcutBadger:1.1.8] AndroidManifest.xml:20:22-84
uses-permission#com.htc.launcher.permission.READ_SETTINGS
ADDED from [me.leolin:ShortcutBadger:1.1.8] AndroidManifest.xml:23:5-81
	android:name
		ADDED from [me.leolin:ShortcutBadger:1.1.8] AndroidManifest.xml:23:22-78
uses-permission#com.htc.launcher.permission.UPDATE_SHORTCUT
ADDED from [me.leolin:ShortcutBadger:1.1.8] AndroidManifest.xml:24:5-83
	android:name
		ADDED from [me.leolin:ShortcutBadger:1.1.8] AndroidManifest.xml:24:22-80
uses-permission#com.sonyericsson.home.permission.BROADCAST_BADGE
ADDED from [me.leolin:ShortcutBadger:1.1.8] AndroidManifest.xml:27:5-88
	android:name
		ADDED from [me.leolin:ShortcutBadger:1.1.8] AndroidManifest.xml:27:22-85
uses-permission#com.sonymobile.home.permission.PROVIDER_INSERT_BADGE
ADDED from [me.leolin:ShortcutBadger:1.1.8] AndroidManifest.xml:28:5-92
	android:name
		ADDED from [me.leolin:ShortcutBadger:1.1.8] AndroidManifest.xml:28:22-89
uses-permission#com.anddoes.launcher.permission.UPDATE_COUNT
ADDED from [me.leolin:ShortcutBadger:1.1.8] AndroidManifest.xml:31:5-84
	android:name
		ADDED from [me.leolin:ShortcutBadger:1.1.8] AndroidManifest.xml:31:22-81
uses-permission#com.majeur.launcher.permission.UPDATE_BADGE
ADDED from [me.leolin:ShortcutBadger:1.1.8] AndroidManifest.xml:34:5-83
	android:name
		ADDED from [me.leolin:ShortcutBadger:1.1.8] AndroidManifest.xml:34:22-80
uses-permission#com.huawei.android.launcher.permission.CHANGE_BADGE
ADDED from [me.leolin:ShortcutBadger:1.1.8] AndroidManifest.xml:37:5-91
	android:name
		ADDED from [me.leolin:ShortcutBadger:1.1.8] AndroidManifest.xml:37:22-88
uses-permission#com.huawei.android.launcher.permission.READ_SETTINGS
ADDED from [me.leolin:ShortcutBadger:1.1.8] AndroidManifest.xml:38:5-92
	android:name
		ADDED from [me.leolin:ShortcutBadger:1.1.8] AndroidManifest.xml:38:22-89
uses-permission#com.huawei.android.launcher.permission.WRITE_SETTINGS
ADDED from [me.leolin:ShortcutBadger:1.1.8] AndroidManifest.xml:39:5-93
	android:name
		ADDED from [me.leolin:ShortcutBadger:1.1.8] AndroidManifest.xml:39:22-90
uses-permission#com.google.android.c2dm.permission.RECEIVE
ADDED from [com.google.android.gms:play-services-gcm:10.2.0] AndroidManifest.xml:20:5-81
MERGED from [com.google.android.gms:play-services-iid:10.2.0] AndroidManifest.xml:20:5-81
	android:name
		ADDED from [com.google.android.gms:play-services-gcm:10.2.0] AndroidManifest.xml:20:22-79
activity#com.google.android.gms.common.api.GoogleApiActivity
ADDED from [com.google.android.gms:play-services-base:10.2.0] AndroidManifest.xml:19:9-172
	android:exported
		ADDED from [com.google.android.gms:play-services-base:10.2.0] AndroidManifest.xml:19:146-170
	android:theme
		ADDED from [com.google.android.gms:play-services-base:10.2.0] AndroidManifest.xml:19:86-145
	android:name
		ADDED from [com.google.android.gms:play-services-base:10.2.0] AndroidManifest.xml:19:19-85
meta-data#com.google.android.gms.version
ADDED from [com.google.android.gms:play-services-basement:10.2.0] AndroidManifest.xml:20:9-121
	android:value
		ADDED from [com.google.android.gms:play-services-basement:10.2.0] AndroidManifest.xml:20:66-119
	android:name
		ADDED from [com.google.android.gms:play-services-basement:10.2.0] AndroidManifest.xml:20:20-65
android:uses-permission#android.permission.WRITE_EXTERNAL_STORAGE
IMPLIED from src/main/AndroidManifest.xml:1:1-69:12 reason: org.webkit.android_jsc has a targetSdkVersion < 4
android:uses-permission#android.permission.READ_PHONE_STATE
IMPLIED from src/main/AndroidManifest.xml:1:1-69:12 reason: org.webkit.android_jsc has a targetSdkVersion < 4
android:uses-permission#android.permission.READ_EXTERNAL_STORAGE
IMPLIED from src/main/AndroidManifest.xml:1:1-69:12 reason: org.webkit.android_jsc requested WRITE_EXTERNAL_STORAGE